[debug] [2024-06-29T14:27:02.125Z] ----------------------------------------------------------------------
[debug] [2024-06-29T14:27:02.127Z] Command:       C:\Program Files\nodejs\node.exe C:\Users\gamer\AppData\Roaming\npm\node_modules\firebase-tools\lib\bin\firebase.js init
[debug] [2024-06-29T14:27:02.127Z] CLI Version:   12.9.1
[debug] [2024-06-29T14:27:02.127Z] Platform:      win32
[debug] [2024-06-29T14:27:02.127Z] Node Version:  v16.14.0
[debug] [2024-06-29T14:27:02.128Z] Time:          Sat Jun 29 2024 19:57:02 GMT+0530 (India Standard Time)
[debug] [2024-06-29T14:27:02.128Z] ----------------------------------------------------------------------
[debug] 
[debug] [2024-06-29T14:27:02.194Z] > command requires scopes: ["email","openid","https://www.googleapis.com/auth/cloudplatformprojects.readonly","https://www.googleapis.com/auth/firebase","https://www.googleapis.com/auth/cloud-platform"]
[debug] [2024-06-29T14:27:02.195Z] > authorizing via signed-in user (nourdental2020@gmail.com)
[info] 
     ######## #### ########  ######## ########     ###     ######  ########
     ##        ##  ##     ## ##       ##     ##  ##   ##  ##       ##
     ######    ##  ########  ######   ########  #########  ######  ######
     ##        ##  ##    ##  ##       ##     ## ##     ##       ## ##
     ##       #### ##     ## ######## ########  ##     ##  ######  ########

You're about to initialize a Firebase project in this directory:

  D:\Work\revive-master

Before we get started, keep in mind:

  * You are initializing within an existing Firebase project directory

[info] 
=== Project Setup
[info] 
[info] First, let's associate this project directory with a Firebase project.
[info] You can create multiple project aliases by running firebase use --add, 
[info] but for now we'll just set up a default project.
[info] 
[debug] [2024-06-29T14:27:14.346Z] Using project from CLI flag: revive-938f8
[debug] [2024-06-29T14:27:14.348Z] >>> [apiv2][query] GET https://firebase.googleapis.com/v1beta1/projects/revive-938f8 [none]
[debug] [2024-06-29T14:27:14.853Z] <<< [apiv2][status] GET https://firebase.googleapis.com/v1beta1/projects/revive-938f8 403
[debug] [2024-06-29T14:27:14.853Z] <<< [apiv2][body] GET https://firebase.googleapis.com/v1beta1/projects/revive-938f8 {"error":{"code":403,"message":"The caller does not have permission","status":"PERMISSION_DENIED"}}
[debug] [2024-06-29T14:27:14.853Z] HTTP Error: 403, The caller does not have permission
[debug] [2024-06-29T14:27:15.014Z] FirebaseError: HTTP Error: 403, The caller does not have permission
    at responseToError (C:\Users\gamer\AppData\Roaming\npm\node_modules\firebase-tools\lib\responseToError.js:49:12)
    at RetryOperation._fn (C:\Users\gamer\AppData\Roaming\npm\node_modules\firebase-tools\lib\apiv2.js:285:77)
    at processTicksAndRejections (node:internal/process/task_queues:96:5)
[error] 
[error] Error: Failed to get Firebase project revive-938f8. Please make sure the project exists and your account has permission to access it.
[debug] [2024-07-10T08:21:03.110Z] ----------------------------------------------------------------------
[debug] [2024-07-10T08:21:03.111Z] Command:       C:\Program Files\nodejs\node.exe C:\Users\gamer\AppData\Roaming\npm\node_modules\firebase-tools\lib\bin\firebase.js deploy --only hosting
[debug] [2024-07-10T08:21:03.112Z] CLI Version:   12.9.1
[debug] [2024-07-10T08:21:03.112Z] Platform:      win32
[debug] [2024-07-10T08:21:03.112Z] Node Version:  v16.14.0
[debug] [2024-07-10T08:21:03.113Z] Time:          Wed Jul 10 2024 13:51:03 GMT+0530 (India Standard Time)
[debug] [2024-07-10T08:21:03.113Z] ----------------------------------------------------------------------
[debug] 
[debug] [2024-07-10T08:21:03.117Z] >>> [apiv2][query] GET https://firebase-public.firebaseio.com/cli.json [none]
[debug] [2024-07-10T08:21:03.200Z] > command requires scopes: ["email","openid","https://www.googleapis.com/auth/cloudplatformprojects.readonly","https://www.googleapis.com/auth/firebase","https://www.googleapis.com/auth/cloud-platform"]
[debug] [2024-07-10T08:21:03.201Z] > authorizing via signed-in user (nourdental2020@gmail.com)
[debug] [2024-07-10T08:21:03.201Z] [iam] checking project revive-938f8 for permissions ["firebase.projects.get","firebasehosting.sites.update"]
[debug] [2024-07-10T08:21:03.202Z] > refreshing access token with scopes: []
[debug] [2024-07-10T08:21:03.202Z] >>> [apiv2][query] POST https://www.googleapis.com/oauth2/v3/token [none]
[debug] [2024-07-10T08:21:03.202Z] >>> [apiv2][body] POST https://www.googleapis.com/oauth2/v3/token [omitted]
[debug] [2024-07-10T08:21:03.408Z] <<< [apiv2][status] POST https://www.googleapis.com/oauth2/v3/token 200
[debug] [2024-07-10T08:21:03.408Z] <<< [apiv2][body] POST https://www.googleapis.com/oauth2/v3/token [omitted]
[debug] [2024-07-10T08:21:03.413Z] >>> [apiv2][query] POST https://cloudresourcemanager.googleapis.com/v1/projects/revive-938f8:testIamPermissions [none]
[debug] [2024-07-10T08:21:03.414Z] >>> [apiv2][(partial)header] POST https://cloudresourcemanager.googleapis.com/v1/projects/revive-938f8:testIamPermissions x-goog-quota-user=projects/revive-938f8
[debug] [2024-07-10T08:21:03.414Z] >>> [apiv2][body] POST https://cloudresourcemanager.googleapis.com/v1/projects/revive-938f8:testIamPermissions {"permissions":["firebase.projects.get","firebasehosting.sites.update"]}
[debug] [2024-07-10T08:21:03.814Z] <<< [apiv2][status] GET https://firebase-public.firebaseio.com/cli.json 200
[debug] [2024-07-10T08:21:03.814Z] <<< [apiv2][body] GET https://firebase-public.firebaseio.com/cli.json {"cloudBuildErrorAfter":1594252800000,"cloudBuildWarnAfter":1590019200000,"defaultNode10After":1594252800000,"minVersion":"3.0.5","node8DeploysDisabledAfter":1613390400000,"node8RuntimeDisabledAfter":1615809600000,"node8WarnAfter":1600128000000}
[debug] [2024-07-10T08:21:04.992Z] <<< [apiv2][status] POST https://cloudresourcemanager.googleapis.com/v1/projects/revive-938f8:testIamPermissions 200
[debug] [2024-07-10T08:21:04.992Z] <<< [apiv2][body] POST https://cloudresourcemanager.googleapis.com/v1/projects/revive-938f8:testIamPermissions {}
[debug] [2024-07-10T08:21:04.993Z] [iam] error while checking permissions, command may fail: FirebaseError: Authorization failed. This account is missing the following required permissions on project revive-938f8:

  firebase.projects.get
  firebasehosting.sites.update
[debug] [2024-07-10T08:21:04.994Z] >>> [apiv2][query] GET https://firebase.googleapis.com/v1beta1/projects/revive-938f8 [none]
[debug] [2024-07-10T08:21:05.505Z] <<< [apiv2][status] GET https://firebase.googleapis.com/v1beta1/projects/revive-938f8 403
[debug] [2024-07-10T08:21:05.505Z] <<< [apiv2][body] GET https://firebase.googleapis.com/v1beta1/projects/revive-938f8 {"error":{"code":403,"message":"The caller does not have permission","status":"PERMISSION_DENIED"}}
[debug] [2024-07-10T08:21:05.506Z] HTTP Error: 403, The caller does not have permission
[error] 
[error] Error: Assertion failed: resolving hosting target of a site with no site name or target name. This should have caused an error earlier
